 [*] Waiting for messages. To exit press CTRL+C
 [*] Waiting for messages. To exit press CTRL+C
 [x] Received thi message....
 [x] Done
 [x] Received thi message....
 [x] Done
 [x] Received thi message....
 [x] Done
 [x] Received thi message....
 [x] Done
 [x] Received thi message....
 [x] Done
 [x] Received thi message....
 [x] Done
 [x] Received thi message....
 [x] Done
 [x] Received thi message....
 [x] Done
 [x] Received thi message....
 [x] Done
 [x] Received thi message....
 [x] Done
PHP Fatal error:  Uncaught exception 'PhpAmqpLib\Exception\AMQPProtocolConnectionException' with message 'CONNECTION_FORCED - broker forced connection closure with reason 'shutdown'' in /Users/thangcest2/DataStructureAndAlgorithm/php/vendor/php-amqplib/php-amqplib/PhpAmqpLib/Connection/AbstractConnection.php:661
Stack trace:
#0 [internal function]: PhpAmqpLib\Connection\AbstractConnection->connection_close(Object(PhpAmqpLib\Wire\AMQPReader))
#1 /Users/thangcest2/DataStructureAndAlgorithm/php/vendor/php-amqplib/php-amqplib/PhpAmqpLib/Channel/AbstractChannel.php(199): call_user_func(Array, Object(PhpAmqpLib\Wire\AMQPReader))
#2 /Users/thangcest2/DataStructureAndAlgorithm/php/vendor/php-amqplib/php-amqplib/PhpAmqpLib/Channel/AbstractChannel.php(337): PhpAmqpLib\Channel\AbstractChannel->dispatch('10,50', '\x01@KCONNECTION_F...', NULL)
#3 /Users/thangcest2/DataStructureAndAlgorithm/php/vendor/php-amqplib/php-amqplib/PhpAmqpLib/Connection/AbstractConnection.php(586): PhpAmqpLib\Channel\AbstractChannel->wait()
#4 /Users/thangcest2/Da in /Users/thangcest2/DataStructureAndAlgorithm/php/vendor/php-amqplib/php-amqplib/PhpAmqpLib/Connection/AbstractConnection.php on line 661

Fatal error: Uncaught exception 'PhpAmqpLib\Exception\AMQPProtocolConnectionException' with message 'CONNECTION_FORCED - broker forced connection closure with reason 'shutdown'' in /Users/thangcest2/DataStructureAndAlgorithm/php/vendor/php-amqplib/php-amqplib/PhpAmqpLib/Connection/AbstractConnection.php on line 661

PhpAmqpLib\Exception\AMQPProtocolConnectionException: CONNECTION_FORCED - broker forced connection closure with reason 'shutdown' in /Users/thangcest2/DataStructureAndAlgorithm/php/vendor/php-amqplib/php-amqplib/PhpAmqpLib/Connection/AbstractConnection.php on line 661

Call Stack:
    0.0019     233880   1. {main}() /Users/thangcest2/DataStructureAndAlgorithm/php/Adventures/Services/MessageBroker/RabbitMQ/worker.php:0
11260.3962    1637440   2. PhpAmqpLib\Channel\AbstractChannel->wait(???, ???, ???) /Users/thangcest2/DataStructureAndAlgorithm/php/Adventures/Services/MessageBroker/RabbitMQ/worker.php:29
11260.3962    1638160   3. PhpAmqpLib\Channel\AbstractChannel->next_frame(???) /Users/thangcest2/DataStructureAndAlgorithm/php/vendor/php-amqplib/php-amqplib/PhpAmqpLib/Channel/AbstractChannel.php:324
11260.3963    1638160   4. PhpAmqpLib\Connection\AbstractConnection->wait_channel(???, ???) /Users/thangcest2/DataStructureAndAlgorithm/php/vendor/php-amqplib/php-amqplib/PhpAmqpLib/Channel/AbstractChannel.php:217
56124.6612    1639024   5. PhpAmqpLib\Channel\AbstractChannel->wait(???, ???, ???) /Users/thangcest2/DataStructureAndAlgorithm/php/vendor/php-amqplib/php-amqplib/PhpAmqpLib/Connection/AbstractConnection.php:586
56124.6619    1639776   6. PhpAmqpLib\Channel\AbstractChannel->dispatch(???, ???, ???) /Users/thangcest2/DataStructureAndAlgorithm/php/vendor/php-amqplib/php-amqplib/PhpAmqpLib/Channel/AbstractChannel.php:337
56124.6620    1640136   7. call_user_func:{/Users/thangcest2/DataStructureAndAlgorithm/php/vendor/php-amqplib/php-amqplib/PhpAmqpLib/Channel/AbstractChannel.php:199}(???, ???) /Users/thangcest2/DataStructureAndAlgorithm/php/vendor/php-amqplib/php-amqplib/PhpAmqpLib/Channel/AbstractChannel.php:199
56124.6621    1640272   8. PhpAmqpLib\Connection\AbstractConnection->connection_close(???) /Users/thangcest2/DataStructureAndAlgorithm/php/vendor/php-amqplib/php-amqplib/PhpAmqpLib/Channel/AbstractChannel.php:199

